<?xml version="1.0" encoding="UTF-8"?>
<!-- Generated by org.testng.reporters.JUnitXMLReporter -->
<testsuite ignored="2" hostname="DESKTOP-7Q8PBAO" failures="0" tests="1" name="Test2" time="0.052" errors="0" timestamp="2023-07-20T12:25:08 IST">
  <testcase classname="GroupTest.Tests" name="test3" time="0.015"/>
  <testcase classname="GroupTest.Tests" name="test2" time="0.0">
    <ignored/>
  </testcase> <!-- test2 -->
  <testcase classname="GroupTest.Tests" name="test1" time="0.0">
    <ignored/>
  </testcase> <!-- test1 -->
</testsuite> <!-- Test2 -->
