<?xml version="1.0" encoding="UTF-8"?>
<!-- Generated by org.testng.reporters.JUnitXMLReporter -->
<testsuite ignored="0" hostname="DESKTOP-7Q8PBAO" failures="0" tests="5" name="Test" time="52.433" errors="0" timestamp="2023-07-20T09:54:08 IST">
  <testcase classname="Tests.Calculator" name="addition" time="12.842"/>
  <testcase classname="Tests.Calculator" name="factorial" time="6.396"/>
  <testcase classname="Tests.Calculator" name="multiplication" time="10.694"/>
  <testcase classname="Tests.Calculator" name="pivalue" time="4.362"/>
  <testcase classname="Tests.Calculator" name="squareRoot" time="8.679"/>
</testsuite> <!-- Test -->
